Determining if the pthread_create exist failed with the following output:
Change Dir: /home/chh/ros_XB6/build/CMakeFiles/CMakeTmp

Run Build Command(s):/usr/bin/make cmTC_9455e/fast 
/usr/bin/make -f CMakeFiles/cmTC_9455e.dir/build.make CMakeFiles/cmTC_9455e.dir/build
make[1]: 进入目录“/home/chh/ros_XB6/build/CMakeFiles/CMakeTmp”
Building C object CMakeFiles/cmTC_9455e.dir/CheckSymbolExists.c.o
/usr/bin/cc    -o CMakeFiles/cmTC_9455e.dir/CheckSymbolExists.c.o   -c /home/chh/ros_XB6/build/CMakeFiles/CMakeTmp/CheckSymbolExists.c
Linking C executable cmTC_9455e
/usr/local/bin/cmake -E cmake_link_script CMakeFiles/cmTC_9455e.dir/link.txt --verbose=1
/usr/bin/cc      -rdynamic CMakeFiles/cmTC_9455e.dir/CheckSymbolExists.c.o  -o cmTC_9455e 
CMakeFiles/cmTC_9455e.dir/CheckSymbolExists.c.o：在函数‘main’中：
CheckSymbolExists.c:(.text+0x1b)：对‘pthread_create’未定义的引用
collect2: error: ld returned 1 exit status
CMakeFiles/cmTC_9455e.dir/build.make:86: recipe for target 'cmTC_9455e' failed
make[1]: *** [cmTC_9455e] Error 1
make[1]: 离开目录“/home/chh/ros_XB6/build/CMakeFiles/CMakeTmp”
Makefile:121: recipe for target 'cmTC_9455e/fast' failed
make: *** [cmTC_9455e/fast] Error 2

File /home/chh/ros_XB6/build/CMakeFiles/CMakeTmp/CheckSymbolExists.c:
/* */
#include <pthread.h>

int main(int argc, char** argv)
{
  (void)argv;
#ifndef pthread_create
  return ((int*)(&pthread_create))[argc];
#else
  (void)argc;
  return 0;
#endif
}

Determining if the function pthread_create exists in the pthreads failed with the following output:
Change Dir: /home/chh/ros_XB6/build/CMakeFiles/CMakeTmp

Run Build Command(s):/usr/bin/make cmTC_55de8/fast 
/usr/bin/make -f CMakeFiles/cmTC_55de8.dir/build.make CMakeFiles/cmTC_55de8.dir/build
make[1]: 进入目录“/home/chh/ros_XB6/build/CMakeFiles/CMakeTmp”
Building C object CMakeFiles/cmTC_55de8.dir/CheckFunctionExists.c.o
/usr/bin/cc   -DCHECK_FUNCTION_EXISTS=pthread_create   -o CMakeFiles/cmTC_55de8.dir/CheckFunctionExists.c.o   -c /usr/local/share/cmake-3.14/Modules/CheckFunctionExists.c
Linking C executable cmTC_55de8
/usr/local/bin/cmake -E cmake_link_script CMakeFiles/cmTC_55de8.dir/link.txt --verbose=1
/usr/bin/cc  -DCHECK_FUNCTION_EXISTS=pthread_create    -rdynamic CMakeFiles/cmTC_55de8.dir/CheckFunctionExists.c.o  -o cmTC_55de8 -lpthreads 
/usr/bin/ld: 找不到 -lpthreads
collect2: error: ld returned 1 exit status
CMakeFiles/cmTC_55de8.dir/build.make:86: recipe for target 'cmTC_55de8' failed
make[1]: *** [cmTC_55de8] Error 1
make[1]: 离开目录“/home/chh/ros_XB6/build/CMakeFiles/CMakeTmp”
Makefile:121: recipe for target 'cmTC_55de8/fast' failed
make: *** [cmTC_55de8/fast] Error 2


Determining if the Q_WS_WIN exist failed with the following output:
Change Dir: /home/chh/ros_XB6/build/CMakeFiles/CMakeTmp

Run Build Command(s):/usr/bin/make cmTC_205e9/fast 
make[1]: 进入目录“/home/chh/ros_XB6/build/CMakeFiles/CMakeTmp”
/usr/bin/make -f CMakeFiles/cmTC_205e9.dir/build.make CMakeFiles/cmTC_205e9.dir/build
make[2]: 进入目录“/home/chh/ros_XB6/build/CMakeFiles/CMakeTmp”
Building CXX object CMakeFiles/cmTC_205e9.dir/CheckSymbolExists.cxx.o
/usr/bin/c++   -I/usr/include/qt4   -o CMakeFiles/cmTC_205e9.dir/CheckSymbolExists.cxx.o -c /home/chh/ros_XB6/build/CMakeFiles/CMakeTmp/CheckSymbolExists.cxx
/home/chh/ros_XB6/build/CMakeFiles/CMakeTmp/CheckSymbolExists.cxx: In function ‘int main(int, char**)’:
/home/chh/ros_XB6/build/CMakeFiles/CMakeTmp/CheckSymbolExists.cxx:8:19: error: ‘Q_WS_WIN’ was not declared in this scope
   return ((int*)(&Q_WS_WIN))[argc];
                   ^~~~~~~~
/home/chh/ros_XB6/build/CMakeFiles/CMakeTmp/CheckSymbolExists.cxx:8:19: note: suggested alternative: ‘Q_WS_X11’
   return ((int*)(&Q_WS_WIN))[argc];
                   ^~~~~~~~
                   Q_WS_X11
CMakeFiles/cmTC_205e9.dir/build.make:65: recipe for target 'CMakeFiles/cmTC_205e9.dir/CheckSymbolExists.cxx.o' failed
make[2]: *** [CMakeFiles/cmTC_205e9.dir/CheckSymbolExists.cxx.o] Error 1
make[2]: 离开目录“/home/chh/ros_XB6/build/CMakeFiles/CMakeTmp”
Makefile:121: recipe for target 'cmTC_205e9/fast' failed
make[1]: *** [cmTC_205e9/fast] Error 2
make[1]: 离开目录“/home/chh/ros_XB6/build/CMakeFiles/CMakeTmp”

File /home/chh/ros_XB6/build/CMakeFiles/CMakeTmp/CheckSymbolExists.cxx:
/* */
#include <QtCore/qglobal.h>

int main(int argc, char** argv)
{
  (void)argv;
#ifndef Q_WS_WIN
  return ((int*)(&Q_WS_WIN))[argc];
#else
  (void)argc;
  return 0;
#endif
}

Determining if the Q_WS_QWS exist failed with the following output:
Change Dir: /home/chh/ros_XB6/build/CMakeFiles/CMakeTmp

Run Build Command(s):/usr/bin/make cmTC_9e786/fast 
make[1]: 进入目录“/home/chh/ros_XB6/build/CMakeFiles/CMakeTmp”
/usr/bin/make -f CMakeFiles/cmTC_9e786.dir/build.make CMakeFiles/cmTC_9e786.dir/build
make[2]: 进入目录“/home/chh/ros_XB6/build/CMakeFiles/CMakeTmp”
Building CXX object CMakeFiles/cmTC_9e786.dir/CheckSymbolExists.cxx.o
/usr/bin/c++   -I/usr/include/qt4   -o CMakeFiles/cmTC_9e786.dir/CheckSymbolExists.cxx.o -c /home/chh/ros_XB6/build/CMakeFiles/CMakeTmp/CheckSymbolExists.cxx
/home/chh/ros_XB6/build/CMakeFiles/CMakeTmp/CheckSymbolExists.cxx: In function ‘int main(int, char**)’:
/home/chh/ros_XB6/build/CMakeFiles/CMakeTmp/CheckSymbolExists.cxx:8:19: error: ‘Q_WS_QWS’ was not declared in this scope
   return ((int*)(&Q_WS_QWS))[argc];
                   ^~~~~~~~
/home/chh/ros_XB6/build/CMakeFiles/CMakeTmp/CheckSymbolExists.cxx:8:19: note: suggested alternative: ‘Q_WS_X11’
   return ((int*)(&Q_WS_QWS))[argc];
                   ^~~~~~~~
                   Q_WS_X11
CMakeFiles/cmTC_9e786.dir/build.make:65: recipe for target 'CMakeFiles/cmTC_9e786.dir/CheckSymbolExists.cxx.o' failed
make[2]: *** [CMakeFiles/cmTC_9e786.dir/CheckSymbolExists.cxx.o] Error 1
make[2]: 离开目录“/home/chh/ros_XB6/build/CMakeFiles/CMakeTmp”
Makefile:121: recipe for target 'cmTC_9e786/fast' failed
make[1]: *** [cmTC_9e786/fast] Error 2
make[1]: 离开目录“/home/chh/ros_XB6/build/CMakeFiles/CMakeTmp”

File /home/chh/ros_XB6/build/CMakeFiles/CMakeTmp/CheckSymbolExists.cxx:
/* */
#include <QtCore/qglobal.h>

int main(int argc, char** argv)
{
  (void)argv;
#ifndef Q_WS_QWS
  return ((int*)(&Q_WS_QWS))[argc];
#else
  (void)argc;
  return 0;
#endif
}

Determining if the Q_WS_MAC exist failed with the following output:
Change Dir: /home/chh/ros_XB6/build/CMakeFiles/CMakeTmp

Run Build Command(s):/usr/bin/make cmTC_14a1e/fast 
make[1]: 进入目录“/home/chh/ros_XB6/build/CMakeFiles/CMakeTmp”
/usr/bin/make -f CMakeFiles/cmTC_14a1e.dir/build.make CMakeFiles/cmTC_14a1e.dir/build
make[2]: 进入目录“/home/chh/ros_XB6/build/CMakeFiles/CMakeTmp”
Building CXX object CMakeFiles/cmTC_14a1e.dir/CheckSymbolExists.cxx.o
/usr/bin/c++   -I/usr/include/qt4   -o CMakeFiles/cmTC_14a1e.dir/CheckSymbolExists.cxx.o -c /home/chh/ros_XB6/build/CMakeFiles/CMakeTmp/CheckSymbolExists.cxx
/home/chh/ros_XB6/build/CMakeFiles/CMakeTmp/CheckSymbolExists.cxx: In function ‘int main(int, char**)’:
/home/chh/ros_XB6/build/CMakeFiles/CMakeTmp/CheckSymbolExists.cxx:8:19: error: ‘Q_WS_MAC’ was not declared in this scope
   return ((int*)(&Q_WS_MAC))[argc];
                   ^~~~~~~~
/home/chh/ros_XB6/build/CMakeFiles/CMakeTmp/CheckSymbolExists.cxx:8:19: note: suggested alternative: ‘Q_WS_X11’
   return ((int*)(&Q_WS_MAC))[argc];
                   ^~~~~~~~
                   Q_WS_X11
CMakeFiles/cmTC_14a1e.dir/build.make:65: recipe for target 'CMakeFiles/cmTC_14a1e.dir/CheckSymbolExists.cxx.o' failed
make[2]: *** [CMakeFiles/cmTC_14a1e.dir/CheckSymbolExists.cxx.o] Error 1
make[2]: 离开目录“/home/chh/ros_XB6/build/CMakeFiles/CMakeTmp”
Makefile:121: recipe for target 'cmTC_14a1e/fast' failed
make[1]: *** [cmTC_14a1e/fast] Error 2
make[1]: 离开目录“/home/chh/ros_XB6/build/CMakeFiles/CMakeTmp”

File /home/chh/ros_XB6/build/CMakeFiles/CMakeTmp/CheckSymbolExists.cxx:
/* */
#include <QtCore/qglobal.h>

int main(int argc, char** argv)
{
  (void)argv;
#ifndef Q_WS_MAC
  return ((int*)(&Q_WS_MAC))[argc];
#else
  (void)argc;
  return 0;
#endif
}

